<?xml version="1.0" encoding="UTF-8"?>
<!-- Generated by org.testng.reporters.JUnitReportReporter -->
<testsuite hostname="DESKTOP-8I1SQ8L" failures="0" tests="1" name="driverFactory.AppTest" time="72.799" errors="0" timestamp="2024-09-11T12:29:19 IST" skipped="0">
  <testcase classname="driverFactory.AppTest" name="kickStart" time="72.799">
    <system-out>
      <![CDATA[Stock-000002885     Stock-000002885
Supplier-00000005266      Supplier-00000004681
Customer-00000010351      Customer-00000010351]]>
    </system-out>
  </testcase> <!-- kickStart -->
  <system-out>
    <![CDATA[Stock-000002885     Stock-000002885
Supplier-00000005266      Supplier-00000004681
Customer-00000010351      Customer-00000010351]]>
  </system-out>
</testsuite> <!-- driverFactory.AppTest -->
