<?xml version="1.0" encoding="UTF-8"?>
<!-- Generated by org.testng.reporters.JUnitReportReporter -->
<testsuite hostname="DESKTOP-8I1SQ8L" failures="0" tests="1" name="driverFactory.AppTest" time="77.625" errors="0" timestamp="2024-09-11T12:27:12 IST" skipped="0">
  <testcase classname="driverFactory.AppTest" name="kickStart" time="77.625">
    <system-out>
      <![CDATA[Stock-000002884     Stock-000002884
Supplier-00000005265      Supplier-00000005265
Customer-00000010350      Customer-00000010350]]>
    </system-out>
  </testcase> <!-- kickStart -->
  <system-out>
    <![CDATA[Stock-000002884     Stock-000002884
Supplier-00000005265      Supplier-00000005265
Customer-00000010350      Customer-00000010350]]>
  </system-out>
</testsuite> <!-- driverFactory.AppTest -->
