<?xml version="1.0" encoding="UTF-8"?>
<!-- Generated by org.testng.reporters.JUnitReportReporter -->
<testsuite hostname="DESKTOP-8I1SQ8L" failures="0" tests="1" name="driverFactory.AppTest" time="213.844" errors="0" timestamp="2024-09-08T22:29:29 IST" skipped="0">
  <testcase classname="driverFactory.AppTest" name="kickStart" time="213.844">
    <system-out>
      <![CDATA[Stock-000002841     Stock-000002841
Supplier-00000005069      Supplier-00000005069
Customer-00000010223      Customer-00000010223]]>
    </system-out>
  </testcase> <!-- kickStart -->
  <system-out>
    <![CDATA[Stock-000002841     Stock-000002841
Supplier-00000005069      Supplier-00000005069
Customer-00000010223      Customer-00000010223]]>
  </system-out>
</testsuite> <!-- driverFactory.AppTest -->
